Using pre-set license
Built from '2021.3/staging' branch; Version is '2021.3.5f1 (40eb3a945986) revision 4254522'; Using compiler version '192829333'; Build Type 'Release'
OS: 'Windows 10  (10.0.19045) 64bit Professional' Language: 'en' Physical Memory: 32699 MB
BatchMode: 1, IsHumanControllingUs: 0, StartBugReporterOnCrash: 0, Is64bit: 1, IsPro: 1

COMMAND LINE ARGUMENTS:
P:\Unity\2021.3.5f1\Editor\Unity.exe
-adb2
-batchMode
-noUpm
-name
AssetImportWorker2
-projectPath
P:/Unity/Projects/marufuku-main
-logFile
Logs/AssetImportWorker2.log
-srvPort
50054
Successfully changed project path to: P:/Unity/Projects/marufuku-main
P:/Unity/Projects/marufuku-main
[UnityMemory] Configuration Parameters - Can be set up in boot.config
    "memorysetup-bucket-allocator-granularity=16"
    "memorysetup-bucket-allocator-bucket-count=8"
    "memorysetup-bucket-allocator-block-size=33554432"
    "memorysetup-bucket-allocator-block-count=8"
    "memorysetup-main-allocator-block-size=16777216"
    "memorysetup-thread-allocator-block-size=16777216"
    "memorysetup-gfx-main-allocator-block-size=16777216"
    "memorysetup-gfx-thread-allocator-block-size=16777216"
    "memorysetup-cache-allocator-block-size=4194304"
    "memorysetup-typetree-allocator-block-size=2097152"
    "memorysetup-profiler-bucket-allocator-granularity=16"
    "memorysetup-profiler-bucket-allocator-bucket-count=8"
    "memorysetup-profiler-bucket-allocator-block-size=33554432"
    "memorysetup-profiler-bucket-allocator-block-count=8"
    "memorysetup-profiler-allocator-block-size=16777216"
    "memorysetup-profiler-editor-allocator-block-size=1048576"
    "memorysetup-temp-allocator-size-main=16777216"
    "memorysetup-job-temp-allocator-block-size=2097152"
    "memorysetup-job-temp-allocator-block-size-background=1048576"
    "memorysetup-job-temp-allocator-reduction-small-platforms=262144"
    "memorysetup-temp-allocator-size-background-worker=32768"
    "memorysetup-temp-allocator-size-job-worker=262144"
    "memorysetup-temp-allocator-size-preload-manager=33554432"
    "memorysetup-temp-allocator-size-nav-mesh-worker=65536"
    "memorysetup-temp-allocator-size-audio-worker=65536"
    "memorysetup-temp-allocator-size-cloud-worker=32768"
    "memorysetup-temp-allocator-size-gi-baking-worker=262144"
    "memorysetup-temp-allocator-size-gfx=262144"
Refreshing native plugins compatible for Editor in 100.11 ms, found 4 plugins.
Preloading 0 native plugins for Editor in 0.00 ms.
Initialize engine version: 2021.3.5f1 (40eb3a945986)
[Subsystems] Discovering subsystems at path P:/Unity/2021.3.5f1/Editor/Data/Resources/UnitySubsystems
[Subsystems] Discovering subsystems at path P:/Unity/Projects/marufuku-main/Assets
GfxDevice: creating device client; threaded=0; jobified=0
Direct3D:
    Version:  Direct3D 11.0 [level 11.1]
    Renderer: NVIDIA GeForce GTX 1070 (ID=0x1b81)
    Vendor:   NVIDIA
    VRAM:     8081 MB
    Driver:   31.0.15.3598
Initialize mono
Mono path[0] = 'P:/Unity/2021.3.5f1/Editor/Data/Managed'
Mono path[1] = 'P:/Unity/2021.3.5f1/Editor/Data/MonoBleedingEdge/lib/mono/unityjit-win32'
Mono config path = 'P:/Unity/2021.3.5f1/Editor/Data/MonoBleedingEdge/etc'
Using monoOptions --debugger-agent=transport=dt_socket,embedding=1,server=y,suspend=n,address=127.0.0.1:56528
Begin MonoManager ReloadAssembly
Registering precompiled unity dll's ...
Register platform support module: P:/Unity/2021.3.5f1/Editor/Data/PlaybackEngines/WebGLSupport/UnityEditor.WebGL.Extensions.dll
Register platform support module: P:/Unity/2021.3.5f1/Editor/Data/PlaybackEngines/WindowsStandaloneSupport/UnityEditor.WindowsStandalone.Extensions.dll
Registered in 0.002495 seconds.
Native extension for WindowsStandalone target not found
Native extension for WebGL target not found
Refreshing native plugins compatible for Editor in 93.71 ms, found 4 plugins.
Preloading 0 native plugins for Editor in 0.00 ms.
Mono: successfully reloaded assembly
- Completed reload, in  0.780 seconds
Domain Reload Profiling:
	ReloadAssembly (780ms)
		BeginReloadAssembly (58ms)
			ExecutionOrderSort (0ms)
			DisableScriptedObjects (0ms)
			BackupInstance (0ms)
			ReleaseScriptingObjects (0ms)
			CreateAndSetChildDomain (1ms)
		EndReloadAssembly (533ms)
			LoadAssemblies (58ms)
			RebuildTransferFunctionScriptingTraits (0ms)
			SetupTypeCache (213ms)
			ReleaseScriptCaches (0ms)
			RebuildScriptCaches (22ms)
			SetupLoadedEditorAssemblies (258ms)
				LogAssemblyErrors (0ms)
				InitializePlatformSupportModulesInManaged (6ms)
				SetLoadedEditorAssemblies (0ms)
				RefreshPlugins (94ms)
				BeforeProcessingInitializeOnLoad (1ms)
				ProcessInitializeOnLoadAttributes (115ms)
				ProcessInitializeOnLoadMethodAttributes (41ms)
				AfterProcessingInitializeOnLoad (0ms)
				EditorAssembliesLoaded (0ms)
			ExecutionOrderSort2 (0ms)
			AwakeInstancesAfterBackupRestoration (0ms)
Platform modules already initialized, skipping
Registering precompiled user dll's ...
Registered in 0.005425 seconds.
Begin MonoManager ReloadAssembly
Symbol file LoadedFromMemory doesn't match image P:\Unity\Projects\marufuku-main\Library\PackageCache\com.unity.visualscripting@1.7.8\Editor\VisualScripting.Core\Dependencies\DotNetZip\Unity.VisualScripting.IonicZip.dll
Symbol file LoadedFromMemory doesn't match image P:\Unity\Projects\marufuku-main\Library\PackageCache\com.unity.visualscripting@1.7.8\Editor\VisualScripting.Core\Dependencies\YamlDotNet\Unity.VisualScripting.YamlDotNet.dll
Native extension for WindowsStandalone target not found
Native extension for WebGL target not found
Refreshing native plugins compatible for Editor in 95.24 ms, found 4 plugins.
Preloading 0 native plugins for Editor in 0.00 ms.
Package Manager log level set to [2]
Mono: successfully reloaded assembly
- Completed reload, in  1.120 seconds
Domain Reload Profiling:
	ReloadAssembly (1121ms)
		BeginReloadAssembly (87ms)
			ExecutionOrderSort (0ms)
			DisableScriptedObjects (5ms)
			BackupInstance (0ms)
			ReleaseScriptingObjects (0ms)
			CreateAndSetChildDomain (17ms)
		EndReloadAssembly (942ms)
			LoadAssemblies (67ms)
			RebuildTransferFunctionScriptingTraits (0ms)
			SetupTypeCache (211ms)
			ReleaseScriptCaches (1ms)
			RebuildScriptCaches (50ms)
			SetupLoadedEditorAssemblies (574ms)
				LogAssemblyErrors (0ms)
				InitializePlatformSupportModulesInManaged (4ms)
				SetLoadedEditorAssemblies (0ms)
				RefreshPlugins (95ms)
				BeforeProcessingInitializeOnLoad (96ms)
				ProcessInitializeOnLoadAttributes (266ms)
				ProcessInitializeOnLoadMethodAttributes (110ms)
				AfterProcessingInitializeOnLoad (2ms)
				EditorAssembliesLoaded (0ms)
			ExecutionOrderSort2 (0ms)
			AwakeInstancesAfterBackupRestoration (5ms)
Platform modules already initialized, skipping
========================================================================
Worker process is ready to serve import requests
Launched and connected shader compiler UnityShaderCompiler.exe after 0.07 seconds
Refreshing native plugins compatible for Editor in 1.41 ms, found 4 plugins.
Preloading 0 native plugins for Editor in 0.00 ms.
Unloading 4654 Unused Serialized files (Serialized files now loaded: 0)
Unloading 72 unused Assets / (31.2 KB). Loaded Objects now: 5081.
Memory consumption went from 169.0 MB to 168.9 MB.
Total: 6.168500 ms (FindLiveObjects: 0.442100 ms CreateObjectMapping: 0.113200 ms MarkObjects: 5.566700 ms  DeleteObjects: 0.045300 ms)

AssetImportParameters requested are different than current active one (requested -> active):
  custom:video-decoder-ogg-theora: a1e56fd34408186e4bbccfd4996cb3dc -> 
  custom:container-muxer-webm: aa71ff27fc2769a1b78a27578f13a17b -> 
  custom:container-demuxer-webm: 4f35f7cbe854078d1ac9338744f61a02 -> 
  custom:video-encoder-webm-vp8: eb34c28f22e8b96e1ab97ce403110664 -> 
  custom:video-codec-MediaFoundation-h265: 746d11721c4dcdbdad8f713fa42b33f4 -> 
  custom:audio-encoder-webm-vorbis: bf7c407c2cedff20999df2af8eb42d56 -> 
  custom:framework-win-MediaFoundation: 216162199b28c13a410421893ffa2e32 -> 
  custom:container-demuxer-ogg: 62fdf1f143b41e24485cea50d1cbac27 -> 
  custom:video-decoder-webm-vp8: 9c59270c3fd7afecdb556c50c9e8de78 -> 
  custom:audio-decoder-ogg-vorbis: bf7c407c2cedff20999df2af8eb42d56 -> 
========================================================================
Received Import Request.
  Time since last request: 136580.755557 seconds.
  path: Assets/Images/PassThrough.png
  artifactKey: Guid(ec1a1d3cc471896429d61cb3c34e6081) Importer(815301076,1909f56bfc062723c751e8b465ee728b)
Start importing Assets/Images/PassThrough.png using Guid(ec1a1d3cc471896429d61cb3c34e6081) Importer(815301076,1909f56bfc062723c751e8b465ee728b)  -> (artifact id: 'e9e0422ed416fa93fa7292f42b583baf') in 0.164448 seconds 
========================================================================
Received Import Request.
  Time since last request: 181.290308 seconds.
  path: Assets/Scenes/L3.unity
  artifactKey: Guid(43a53fd457b545147b7dc856af024aac) Importer(815301076,1909f56bfc062723c751e8b465ee728b)
Start importing Assets/Scenes/L3.unity using Guid(43a53fd457b545147b7dc856af024aac) Importer(815301076,1909f56bfc062723c751e8b465ee728b)  -> (artifact id: '146a631011aa3044b7cda078677ea99d') in 0.011120 seconds 
========================================================================
Received Import Request.
  Time since last request: 6.972147 seconds.
  path: Assets/Scenes/L4.unity
  artifactKey: Guid(fabc95c559f54ed44b6f39794b54a0ba) Importer(815301076,1909f56bfc062723c751e8b465ee728b)
Start importing Assets/Scenes/L4.unity using Guid(fabc95c559f54ed44b6f39794b54a0ba) Importer(815301076,1909f56bfc062723c751e8b465ee728b)  -> (artifact id: '825a6cf330dde6fc614d50037649d363') in 0.009917 seconds 
========================================================================
Received Import Request.
  Time since last request: 7.127511 seconds.
  path: Assets/Scenes/L5.unity
  artifactKey: Guid(a5382d0af05bf244e8e52b64cbaec3ca) Importer(815301076,1909f56bfc062723c751e8b465ee728b)
Start importing Assets/Scenes/L5.unity using Guid(a5382d0af05bf244e8e52b64cbaec3ca) Importer(815301076,1909f56bfc062723c751e8b465ee728b)  -> (artifact id: '0b35f0ae5d41cc729531a0d54b4c3b08') in 0.010890 seconds 
========================================================================
Received Import Request.
  Time since last request: 9.954388 seconds.
  path: Assets/Scenes/L7.unity
  artifactKey: Guid(3f172d8096a1b0643bad2290108ca285) Importer(815301076,1909f56bfc062723c751e8b465ee728b)
Start importing Assets/Scenes/L7.unity using Guid(3f172d8096a1b0643bad2290108ca285) Importer(815301076,1909f56bfc062723c751e8b465ee728b)  -> (artifact id: '69c09571572af505a0e1c710dbc432ba') in 0.009441 seconds 
========================================================================
Received Import Request.
  Time since last request: 12.579241 seconds.
  path: Assets/Scenes/L9.unity
  artifactKey: Guid(cf43084e0fae36f4d9492b68c95693a1) Importer(815301076,1909f56bfc062723c751e8b465ee728b)
Start importing Assets/Scenes/L9.unity using Guid(cf43084e0fae36f4d9492b68c95693a1) Importer(815301076,1909f56bfc062723c751e8b465ee728b)  -> (artifact id: '1db1880a6ee03d1a47aa8bf78dcc7e7f') in 0.001673 seconds 
========================================================================
Received Import Request.
  Time since last request: 6.455361 seconds.
  path: Assets/Scenes/L10.unity
  artifactKey: Guid(39b78e0681c4af44db1b7081f5673c76) Importer(815301076,1909f56bfc062723c751e8b465ee728b)
Start importing Assets/Scenes/L10.unity using Guid(39b78e0681c4af44db1b7081f5673c76) Importer(815301076,1909f56bfc062723c751e8b465ee728b)  -> (artifact id: 'cf996acdb9c5e8a8b441ecad361bf558') in 0.011148 seconds 
========================================================================
Received Import Request.
  Time since last request: 9.507825 seconds.
  path: Assets/Scenes/L1.unity
  artifactKey: Guid(80ef81cceda70ec4a8eb50d7c45367d5) Importer(815301076,1909f56bfc062723c751e8b465ee728b)
Start importing Assets/Scenes/L1.unity using Guid(80ef81cceda70ec4a8eb50d7c45367d5) Importer(815301076,1909f56bfc062723c751e8b465ee728b)  -> (artifact id: 'a306f1142d687de7a199619c1e72c758') in 0.001783 seconds 
========================================================================
Received Prepare
Registering precompiled user dll's ...
Registered in 0.005136 seconds.
Begin MonoManager ReloadAssembly
Symbol file LoadedFromMemory doesn't match image P:\Unity\Projects\marufuku-main\Library\PackageCache\com.unity.visualscripting@1.7.8\Editor\VisualScripting.Core\Dependencies\DotNetZip\Unity.VisualScripting.IonicZip.dll
Symbol file LoadedFromMemory doesn't match image P:\Unity\Projects\marufuku-main\Library\PackageCache\com.unity.visualscripting@1.7.8\Editor\VisualScripting.Core\Dependencies\YamlDotNet\Unity.VisualScripting.YamlDotNet.dll
Native extension for WindowsStandalone target not found
Native extension for WebGL target not found
Refreshing native plugins compatible for Editor in 1.21 ms, found 4 plugins.
Preloading 0 native plugins for Editor in 0.00 ms.
Mono: successfully reloaded assembly
- Completed reload, in  1.029 seconds
Domain Reload Profiling:
	ReloadAssembly (1030ms)
		BeginReloadAssembly (113ms)
			ExecutionOrderSort (0ms)
			DisableScriptedObjects (6ms)
			BackupInstance (0ms)
			ReleaseScriptingObjects (0ms)
			CreateAndSetChildDomain (38ms)
		EndReloadAssembly (836ms)
			LoadAssemblies (71ms)
			RebuildTransferFunctionScriptingTraits (0ms)
			SetupTypeCache (244ms)
			ReleaseScriptCaches (2ms)
			RebuildScriptCaches (42ms)
			SetupLoadedEditorAssemblies (427ms)
				LogAssemblyErrors (0ms)
				InitializePlatformSupportModulesInManaged (11ms)
				SetLoadedEditorAssemblies (0ms)
				RefreshPlugins (1ms)
				BeforeProcessingInitializeOnLoad (77ms)
				ProcessInitializeOnLoadAttributes (206ms)
				ProcessInitializeOnLoadMethodAttributes (128ms)
				AfterProcessingInitializeOnLoad (3ms)
				EditorAssembliesLoaded (0ms)
			ExecutionOrderSort2 (0ms)
			AwakeInstancesAfterBackupRestoration (8ms)
Platform modules already initialized, skipping
Refreshing native plugins compatible for Editor in 5.35 ms, found 4 plugins.
Preloading 0 native plugins for Editor in 0.00 ms.
Unloading 4630 Unused Serialized files (Serialized files now loaded: 0)
Unloading 60 unused Assets / (25.7 KB). Loaded Objects now: 5090.
Memory consumption went from 171.2 MB to 171.2 MB.
Total: 6.988400 ms (FindLiveObjects: 0.464100 ms CreateObjectMapping: 0.113400 ms MarkObjects: 6.358300 ms  DeleteObjects: 0.050900 ms)

AssetImportParameters requested are different than current active one (requested -> active):
  custom:video-decoder-ogg-theora: a1e56fd34408186e4bbccfd4996cb3dc -> 
  custom:container-muxer-webm: aa71ff27fc2769a1b78a27578f13a17b -> 
  custom:container-demuxer-webm: 4f35f7cbe854078d1ac9338744f61a02 -> 
  custom:video-encoder-webm-vp8: eb34c28f22e8b96e1ab97ce403110664 -> 
  custom:video-codec-MediaFoundation-h265: 746d11721c4dcdbdad8f713fa42b33f4 -> 
  custom:audio-encoder-webm-vorbis: bf7c407c2cedff20999df2af8eb42d56 -> 
  custom:framework-win-MediaFoundation: 216162199b28c13a410421893ffa2e32 -> 
  custom:container-demuxer-ogg: 62fdf1f143b41e24485cea50d1cbac27 -> 
  custom:video-decoder-webm-vp8: 9c59270c3fd7afecdb556c50c9e8de78 -> 
  custom:audio-decoder-ogg-vorbis: bf7c407c2cedff20999df2af8eb42d56 -> 
========================================================================
Received Prepare
Registering precompiled user dll's ...
Registered in 0.005347 seconds.
Begin MonoManager ReloadAssembly
Symbol file LoadedFromMemory doesn't match image P:\Unity\Projects\marufuku-main\Library\PackageCache\com.unity.visualscripting@1.7.8\Editor\VisualScripting.Core\Dependencies\DotNetZip\Unity.VisualScripting.IonicZip.dll
Symbol file LoadedFromMemory doesn't match image P:\Unity\Projects\marufuku-main\Library\PackageCache\com.unity.visualscripting@1.7.8\Editor\VisualScripting.Core\Dependencies\YamlDotNet\Unity.VisualScripting.YamlDotNet.dll
Native extension for WindowsStandalone target not found
Native extension for WebGL target not found
Refreshing native plugins compatible for Editor in 1.25 ms, found 4 plugins.
Preloading 0 native plugins for Editor in 0.00 ms.
Mono: successfully reloaded assembly
- Completed reload, in  1.019 seconds
Domain Reload Profiling:
	ReloadAssembly (1020ms)
		BeginReloadAssembly (114ms)
			ExecutionOrderSort (0ms)
			DisableScriptedObjects (6ms)
			BackupInstance (0ms)
			ReleaseScriptingObjects (0ms)
			CreateAndSetChildDomain (39ms)
		EndReloadAssembly (820ms)
			LoadAssemblies (73ms)
			RebuildTransferFunctionScriptingTraits (0ms)
			SetupTypeCache (232ms)
			ReleaseScriptCaches (2ms)
			RebuildScriptCaches (47ms)
			SetupLoadedEditorAssemblies (418ms)
				LogAssemblyErrors (0ms)
				InitializePlatformSupportModulesInManaged (12ms)
				SetLoadedEditorAssemblies (0ms)
				RefreshPlugins (1ms)
				BeforeProcessingInitializeOnLoad (75ms)
				ProcessInitializeOnLoadAttributes (198ms)
				ProcessInitializeOnLoadMethodAttributes (128ms)
				AfterProcessingInitializeOnLoad (3ms)
				EditorAssembliesLoaded (0ms)
			ExecutionOrderSort2 (0ms)
			AwakeInstancesAfterBackupRestoration (8ms)
Platform modules already initialized, skipping
Refreshing native plugins compatible for Editor in 4.52 ms, found 4 plugins.
Preloading 0 native plugins for Editor in 0.00 ms.
Unloading 4630 Unused Serialized files (Serialized files now loaded: 0)
Unloading 60 unused Assets / (25.6 KB). Loaded Objects now: 5093.
Memory consumption went from 171.2 MB to 171.2 MB.
Total: 5.874000 ms (FindLiveObjects: 0.474400 ms CreateObjectMapping: 0.104200 ms MarkObjects: 5.255600 ms  DeleteObjects: 0.038500 ms)

AssetImportParameters requested are different than current active one (requested -> active):
  custom:video-decoder-ogg-theora: a1e56fd34408186e4bbccfd4996cb3dc -> 
  custom:container-muxer-webm: aa71ff27fc2769a1b78a27578f13a17b -> 
  custom:container-demuxer-webm: 4f35f7cbe854078d1ac9338744f61a02 -> 
  custom:video-encoder-webm-vp8: eb34c28f22e8b96e1ab97ce403110664 -> 
  custom:video-codec-MediaFoundation-h265: 746d11721c4dcdbdad8f713fa42b33f4 -> 
  custom:audio-encoder-webm-vorbis: bf7c407c2cedff20999df2af8eb42d56 -> 
  custom:framework-win-MediaFoundation: 216162199b28c13a410421893ffa2e32 -> 
  custom:container-demuxer-ogg: 62fdf1f143b41e24485cea50d1cbac27 -> 
  custom:video-decoder-webm-vp8: 9c59270c3fd7afecdb556c50c9e8de78 -> 
  custom:audio-decoder-ogg-vorbis: bf7c407c2cedff20999df2af8eb42d56 -> 
========================================================================
Received Prepare
Registering precompiled user dll's ...
Registered in 0.005392 seconds.
Begin MonoManager ReloadAssembly
Symbol file LoadedFromMemory doesn't match image P:\Unity\Projects\marufuku-main\Library\PackageCache\com.unity.visualscripting@1.7.8\Editor\VisualScripting.Core\Dependencies\DotNetZip\Unity.VisualScripting.IonicZip.dll
Symbol file LoadedFromMemory doesn't match image P:\Unity\Projects\marufuku-main\Library\PackageCache\com.unity.visualscripting@1.7.8\Editor\VisualScripting.Core\Dependencies\YamlDotNet\Unity.VisualScripting.YamlDotNet.dll
Native extension for WindowsStandalone target not found
Native extension for WebGL target not found
Refreshing native plugins compatible for Editor in 1.38 ms, found 4 plugins.
Preloading 0 native plugins for Editor in 0.00 ms.
Mono: successfully reloaded assembly
- Completed reload, in  1.028 seconds
Domain Reload Profiling:
	ReloadAssembly (1028ms)
		BeginReloadAssembly (117ms)
			ExecutionOrderSort (0ms)
			DisableScriptedObjects (7ms)
			BackupInstance (0ms)
			ReleaseScriptingObjects (0ms)
			CreateAndSetChildDomain (42ms)
		EndReloadAssembly (825ms)
			LoadAssemblies (74ms)
			RebuildTransferFunctionScriptingTraits (0ms)
			SetupTypeCache (229ms)
			ReleaseScriptCaches (2ms)
			RebuildScriptCaches (45ms)
			SetupLoadedEditorAssemblies (426ms)
				LogAssemblyErrors (0ms)
				InitializePlatformSupportModulesInManaged (12ms)
				SetLoadedEditorAssemblies (0ms)
				RefreshPlugins (1ms)
				BeforeProcessingInitializeOnLoad (75ms)
				ProcessInitializeOnLoadAttributes (205ms)
				ProcessInitializeOnLoadMethodAttributes (129ms)
				AfterProcessingInitializeOnLoad (3ms)
				EditorAssembliesLoaded (0ms)
			ExecutionOrderSort2 (0ms)
			AwakeInstancesAfterBackupRestoration (9ms)
Platform modules already initialized, skipping
Refreshing native plugins compatible for Editor in 4.82 ms, found 4 plugins.
Preloading 0 native plugins for Editor in 0.00 ms.
Unloading 4630 Unused Serialized files (Serialized files now loaded: 0)
Unloading 60 unused Assets / (25.7 KB). Loaded Objects now: 5096.
Memory consumption went from 171.2 MB to 171.2 MB.
Total: 5.930100 ms (FindLiveObjects: 0.440400 ms CreateObjectMapping: 0.100500 ms MarkObjects: 5.341700 ms  DeleteObjects: 0.046500 ms)

AssetImportParameters requested are different than current active one (requested -> active):
  custom:video-decoder-ogg-theora: a1e56fd34408186e4bbccfd4996cb3dc -> 
  custom:container-muxer-webm: aa71ff27fc2769a1b78a27578f13a17b -> 
  custom:container-demuxer-webm: 4f35f7cbe854078d1ac9338744f61a02 -> 
  custom:video-encoder-webm-vp8: eb34c28f22e8b96e1ab97ce403110664 -> 
  custom:video-codec-MediaFoundation-h265: 746d11721c4dcdbdad8f713fa42b33f4 -> 
  custom:audio-encoder-webm-vorbis: bf7c407c2cedff20999df2af8eb42d56 -> 
  custom:framework-win-MediaFoundation: 216162199b28c13a410421893ffa2e32 -> 
  custom:container-demuxer-ogg: 62fdf1f143b41e24485cea50d1cbac27 -> 
  custom:video-decoder-webm-vp8: 9c59270c3fd7afecdb556c50c9e8de78 -> 
  custom:audio-decoder-ogg-vorbis: bf7c407c2cedff20999df2af8eb42d56 -> 
========================================================================
Received Import Request.
  Time since last request: 149.530091 seconds.
  path: Assets/Scenes/L2.unity
  artifactKey: Guid(aa09230cec97de74a95b3327740f01f9) Importer(815301076,1909f56bfc062723c751e8b465ee728b)
Start importing Assets/Scenes/L2.unity using Guid(aa09230cec97de74a95b3327740f01f9) Importer(815301076,1909f56bfc062723c751e8b465ee728b)  -> (artifact id: '90dbf29dbb669b02b780ae072403ae84') in 0.015552 seconds 
========================================================================
Received Import Request.
  Time since last request: 37.855745 seconds.
  path: Assets/Scenes/L3.unity
  artifactKey: Guid(43a53fd457b545147b7dc856af024aac) Importer(815301076,1909f56bfc062723c751e8b465ee728b)
Start importing Assets/Scenes/L3.unity using Guid(43a53fd457b545147b7dc856af024aac) Importer(815301076,1909f56bfc062723c751e8b465ee728b)  -> (artifact id: 'e1ebcf33014c860749e62c4db5c76aa3') in 0.001715 seconds 
========================================================================
Received Import Request.
  Time since last request: 19.119546 seconds.
  path: Assets/Scenes/L4.unity
  artifactKey: Guid(fabc95c559f54ed44b6f39794b54a0ba) Importer(815301076,1909f56bfc062723c751e8b465ee728b)
Start importing Assets/Scenes/L4.unity using Guid(fabc95c559f54ed44b6f39794b54a0ba) Importer(815301076,1909f56bfc062723c751e8b465ee728b)  -> (artifact id: '83e3ac0befc2512d04f755778932afd8') in 0.001740 seconds 
========================================================================
Received Import Request.
  Time since last request: 38.557614 seconds.
  path: Assets/Scenes/LoaderScene.unity
  artifactKey: Guid(2e9786c5282eb4c4c8d9f1d78c6e9a44) Importer(815301076,1909f56bfc062723c751e8b465ee728b)
Start importing Assets/Scenes/LoaderScene.unity using Guid(2e9786c5282eb4c4c8d9f1d78c6e9a44) Importer(815301076,1909f56bfc062723c751e8b465ee728b)  -> (artifact id: '73df0c0f0a674000193e0061594b9b6e') in 0.010042 seconds 
========================================================================
Received Prepare
Registering precompiled user dll's ...
Registered in 0.005408 seconds.
Begin MonoManager ReloadAssembly
Symbol file LoadedFromMemory doesn't match image P:\Unity\Projects\marufuku-main\Library\PackageCache\com.unity.visualscripting@1.7.8\Editor\VisualScripting.Core\Dependencies\DotNetZip\Unity.VisualScripting.IonicZip.dll
Symbol file LoadedFromMemory doesn't match image P:\Unity\Projects\marufuku-main\Library\PackageCache\com.unity.visualscripting@1.7.8\Editor\VisualScripting.Core\Dependencies\YamlDotNet\Unity.VisualScripting.YamlDotNet.dll
Native extension for WindowsStandalone target not found
Native extension for WebGL target not found
Refreshing native plugins compatible for Editor in 1.37 ms, found 4 plugins.
Preloading 0 native plugins for Editor in 0.00 ms.
Mono: successfully reloaded assembly
- Completed reload, in  1.027 seconds
Domain Reload Profiling:
	ReloadAssembly (1028ms)
		BeginReloadAssembly (111ms)
			ExecutionOrderSort (0ms)
			DisableScriptedObjects (6ms)
			BackupInstance (0ms)
			ReleaseScriptingObjects (0ms)
			CreateAndSetChildDomain (37ms)
		EndReloadAssembly (837ms)
			LoadAssemblies (70ms)
			RebuildTransferFunctionScriptingTraits (0ms)
			SetupTypeCache (224ms)
			ReleaseScriptCaches (2ms)
			RebuildScriptCaches (47ms)
			SetupLoadedEditorAssemblies (444ms)
				LogAssemblyErrors (0ms)
				InitializePlatformSupportModulesInManaged (12ms)
				SetLoadedEditorAssemblies (0ms)
				RefreshPlugins (1ms)
				BeforeProcessingInitializeOnLoad (80ms)
				ProcessInitializeOnLoadAttributes (209ms)
				ProcessInitializeOnLoadMethodAttributes (138ms)
				AfterProcessingInitializeOnLoad (3ms)
				EditorAssembliesLoaded (0ms)
			ExecutionOrderSort2 (0ms)
			AwakeInstancesAfterBackupRestoration (9ms)
Platform modules already initialized, skipping
Refreshing native plugins compatible for Editor in 4.85 ms, found 4 plugins.
Preloading 0 native plugins for Editor in 0.00 ms.
Unloading 4630 Unused Serialized files (Serialized files now loaded: 0)
Unloading 60 unused Assets / (25.6 KB). Loaded Objects now: 5099.
Memory consumption went from 171.2 MB to 171.2 MB.
Total: 6.243300 ms (FindLiveObjects: 0.390200 ms CreateObjectMapping: 0.106500 ms MarkObjects: 5.703900 ms  DeleteObjects: 0.041500 ms)

AssetImportParameters requested are different than current active one (requested -> active):
  custom:video-decoder-ogg-theora: a1e56fd34408186e4bbccfd4996cb3dc -> 
  custom:container-muxer-webm: aa71ff27fc2769a1b78a27578f13a17b -> 
  custom:container-demuxer-webm: 4f35f7cbe854078d1ac9338744f61a02 -> 
  custom:video-encoder-webm-vp8: eb34c28f22e8b96e1ab97ce403110664 -> 
  custom:video-codec-MediaFoundation-h265: 746d11721c4dcdbdad8f713fa42b33f4 -> 
  custom:audio-encoder-webm-vorbis: bf7c407c2cedff20999df2af8eb42d56 -> 
  custom:framework-win-MediaFoundation: 216162199b28c13a410421893ffa2e32 -> 
  custom:container-demuxer-ogg: 62fdf1f143b41e24485cea50d1cbac27 -> 
  custom:video-decoder-webm-vp8: 9c59270c3fd7afecdb556c50c9e8de78 -> 
  custom:audio-decoder-ogg-vorbis: bf7c407c2cedff20999df2af8eb42d56 -> 
========================================================================
Received Import Request.
  Time since last request: 65.981418 seconds.
  path: Assets/Scenes/b-Gym.unity
  artifactKey: Guid(9c4f5587f392f894d8f87fe5ae5bf0f1) Importer(815301076,1909f56bfc062723c751e8b465ee728b)
Start importing Assets/Scenes/b-Gym.unity using Guid(9c4f5587f392f894d8f87fe5ae5bf0f1) Importer(815301076,1909f56bfc062723c751e8b465ee728b)  -> (artifact id: 'bb77ba62535e868c5cbac05f3c2e6ba3') in 0.008564 seconds 
========================================================================
Received Import Request.
  Time since last request: 2.382581 seconds.
  path: Assets/Scenes/b-Groceries.unity
  artifactKey: Guid(774790d1bced2b948856066781022298) Importer(815301076,1909f56bfc062723c751e8b465ee728b)
Start importing Assets/Scenes/b-Groceries.unity using Guid(774790d1bced2b948856066781022298) Importer(815301076,1909f56bfc062723c751e8b465ee728b)  -> (artifact id: 'ad48e96dc7230202d715773290a067f8') in 0.001591 seconds 
========================================================================
Received Import Request.
  Time since last request: 9.071017 seconds.
  path: Assets/Scenes/b-Donuts.unity
  artifactKey: Guid(d844964d5e255ff41a1efaf9da9315d3) Importer(815301076,1909f56bfc062723c751e8b465ee728b)
Start importing Assets/Scenes/b-Donuts.unity using Guid(d844964d5e255ff41a1efaf9da9315d3) Importer(815301076,1909f56bfc062723c751e8b465ee728b)  -> (artifact id: '4853522e688699104968484f02fb4f17') in 0.010214 seconds 
========================================================================
Received Import Request.
  Time since last request: 9.465684 seconds.
  path: Assets/Scenes/L4.unity
  artifactKey: Guid(fabc95c559f54ed44b6f39794b54a0ba) Importer(815301076,1909f56bfc062723c751e8b465ee728b)
Start importing Assets/Scenes/L4.unity using Guid(fabc95c559f54ed44b6f39794b54a0ba) Importer(815301076,1909f56bfc062723c751e8b465ee728b)  -> (artifact id: '33061fe49f9133b6556571593edd300c') in 0.001772 seconds 
========================================================================
Received Import Request.
  Time since last request: 0.991158 seconds.
  path: Assets/Scenes/L5.unity
  artifactKey: Guid(a5382d0af05bf244e8e52b64cbaec3ca) Importer(815301076,1909f56bfc062723c751e8b465ee728b)
Start importing Assets/Scenes/L5.unity using Guid(a5382d0af05bf244e8e52b64cbaec3ca) Importer(815301076,1909f56bfc062723c751e8b465ee728b)  -> (artifact id: '1e80c9faa078e9021e825b3cb91ca4ad') in 0.001647 seconds 
========================================================================
Received Import Request.
  Time since last request: 0.668933 seconds.
  path: Assets/Scenes/L6.unity
  artifactKey: Guid(f8338f4889fb2a9469833455ec66b1ce) Importer(815301076,1909f56bfc062723c751e8b465ee728b)
Start importing Assets/Scenes/L6.unity using Guid(f8338f4889fb2a9469833455ec66b1ce) Importer(815301076,1909f56bfc062723c751e8b465ee728b)  -> (artifact id: 'ff1db60d0fd277b2504540c5816239d0') in 0.010492 seconds 
========================================================================
Received Import Request.
  Time since last request: 2.554338 seconds.
  path: Assets/Scenes/L7.unity
  artifactKey: Guid(3f172d8096a1b0643bad2290108ca285) Importer(815301076,1909f56bfc062723c751e8b465ee728b)
Start importing Assets/Scenes/L7.unity using Guid(3f172d8096a1b0643bad2290108ca285) Importer(815301076,1909f56bfc062723c751e8b465ee728b)  -> (artifact id: '4088fb59079c8239b8f214ce01bf9a5c') in 0.001795 seconds 
========================================================================
Received Import Request.
  Time since last request: 39.930141 seconds.
  path: Assets/Scenes/L8.unity
  artifactKey: Guid(10ca4f6a593ff694db526d48d4845b6d) Importer(815301076,1909f56bfc062723c751e8b465ee728b)
Start importing Assets/Scenes/L8.unity using Guid(10ca4f6a593ff694db526d48d4845b6d) Importer(815301076,1909f56bfc062723c751e8b465ee728b)  -> (artifact id: '725739bcbbdbe9b2a43910f61518b3b1') in 0.001801 seconds 
========================================================================
Received Import Request.
  Time since last request: 14.174948 seconds.
  path: Assets/Scenes/L9.unity
  artifactKey: Guid(cf43084e0fae36f4d9492b68c95693a1) Importer(815301076,1909f56bfc062723c751e8b465ee728b)
Start importing Assets/Scenes/L9.unity using Guid(cf43084e0fae36f4d9492b68c95693a1) Importer(815301076,1909f56bfc062723c751e8b465ee728b)  -> (artifact id: '144c7cab9a75ba2b63ac0a987bccc215') in 0.001754 seconds 
